<?xml version="1.0" encoding="UTF-8"?>
<!-- Generated by org.testng.reporters.JUnitReportReporter -->
<testsuite hostname="LAPTOP-V6AM9CK0" failures="0" tests="2" name="testcases.hc.CarePlan" time="38.881" errors="0" timestamp="2025-06-23T15:14:35 IST" skipped="1">
  <testcase classname="testcases.hc.CarePlan" name="createCarePlan" time="38.880"/>
  <testcase classname="testcases.hc.CarePlan" name="createCarePlan" time="0.001">
    <skipped/>
  </testcase> <!-- createCarePlan -->
</testsuite> <!-- testcases.hc.CarePlan -->
