<?xml version="1.0" encoding="UTF-8"?>
<!-- Generated by org.testng.reporters.JUnitReportReporter -->
<testsuite hostname="LAPTOP-V6AM9CK0" failures="0" tests="2" name="testcases.hc.CarePlan" time="125.425" errors="0" timestamp="2025-06-18T23:03:44 IST" skipped="0">
  <testcase classname="testcases.hc.CarePlan" name="createCarePlan" time="65.681"/>
  <testcase classname="testcases.hc.CarePlan" name="createCarePlan" time="59.744"/>
</testsuite> <!-- testcases.hc.CarePlan -->
