<?xml version="1.0" encoding="UTF-8"?>
<!-- Generated by org.testng.reporters.JUnitReportReporter -->
<testsuite hostname="LAPTOP-V6AM9CK0" failures="0" tests="2" name="testcases.hc.CarePlan" time="284.183" errors="0" timestamp="2025-06-24T18:16:48 IST" skipped="0">
  <testcase classname="testcases.hc.CarePlan" name="createCarePlan" time="149.951"/>
  <testcase classname="testcases.hc.CarePlan" name="createCarePlan" time="134.232"/>
</testsuite> <!-- testcases.hc.CarePlan -->
